-------------------------------------------------------------------------------
There are messages associated with the following module(s):
-------------------------------------------------------------------------------

anaconda/5.0.0-py36:
    This module is a contribution from the Poldrack Lab. For questions
    and support, please see https://github.com/poldracklab/lmod_modules

-------------------------------------------------------------------------------

loading annotations into memory...
Done (t=14.01s)
creating index...
index created!
CUDA available: True
Num training images: 118287
torch.Size([736314]) torch.Size([736314])
accuracy tensor(0., device='cuda:0')
Epoch: 0 | Iteration: 0 | Classification loss: 1216.46350 | Regression loss: 0.95350 | Running loss: 1217.41699


torch.Size([759813]) torch.Size([759813])
accuracy tensor(0., device='cuda:0')
Epoch: 1 | Iteration: 1 | Classification loss: 1664.31177 | Regression loss: 0.80192 | Running loss: 1441.26532
torch.Size([1102070]) torch.Size([1102070])
accuracy tensor(0., device='cuda:0')
Epoch: 2 | Iteration: 0 | Classification loss: 527.87701 | Regression loss: 0.91625 | Running loss: 1137.10797
torch.Size([1102767]) torch.Size([1102767])
accuracy tensor(0., device='cuda:0')
Epoch: 2 | Iteration: 1 | Classification loss: 4299.63672 | Regression loss: 0.50843 | Running loss: 1927.86723
torch.Size([759439]) torch.Size([759439])
accuracy tensor(0., device='cuda:0')
Epoch: 3 | Iteration: 0 | Classification loss: 439.32001 | Regression loss: 1.06740 | Running loss: 1630.37127
torch.Size([1101923]) torch.Size([1101923])
accuracy tensor(0., device='cuda:0')
Epoch: 3 | Iteration: 1 | Classification loss: 435.73486 | Regression loss: 1.05310 | Running loss: 1431.44072
torch.Size([968558]) torch.Size([968558])
accuracy tensor(0., device='cuda:0')
Epoch: 4 | Iteration: 0 | Classification loss: 556.98560 | Regression loss: 1.03689 | Running loss: 1306.66668
torch.Size([986678]) torch.Size([986678])
accuracy tensor(0., device='cuda:0')
Epoch: 4 | Iteration: 1 | Classification loss: 253.09285 | Regression loss: 1.03092 | Running loss: 1175.09882
torch.Size([801096]) torch.Size([801096])
accuracy tensor(0., device='cuda:0')
Epoch: 5 | Iteration: 0 | Classification loss: 661.74481 | Regression loss: 1.06434 | Running loss: 1118.17774
torch.Size([867527]) torch.Size([867527])
accuracy tensor(0., device='cuda:0')
Epoch: 5 | Iteration: 1 | Classification loss: 315.52676 | Regression loss: 1.06574 | Running loss: 1038.01922
torch.Size([863562]) torch.Size([863562])
accuracy tensor(0., device='cuda:0')
Epoch: 6 | Iteration: 0 | Classification loss: 728.78516 | Regression loss: 1.03236 | Running loss: 1010.00088
torch.Size([968881]) torch.Size([968881])
accuracy tensor(0., device='cuda:0')
Epoch: 6 | Iteration: 1 | Classification loss: 958.78717 | Regression loss: 0.90388 | Running loss: 1005.80840
torch.Size([987979]) torch.Size([987979])
accuracy tensor(0., device='cuda:0')
Epoch: 7 | Iteration: 0 | Classification loss: 977.68622 | Regression loss: 1.06040 | Running loss: 1003.72672
torch.Size([987334]) torch.Size([987334])
accuracy tensor(0., device='cuda:0')
Epoch: 7 | Iteration: 1 | Classification loss: 377.40872 | Regression loss: 1.02454 | Running loss: 959.06290
torch.Size([1141340]) torch.Size([1141340])
accuracy tensor(0., device='cuda:0')
Epoch: 8 | Iteration: 0 | Classification loss: 483.69901 | Regression loss: 1.10104 | Running loss: 927.44538
torch.Size([1068322]) torch.Size([1068322])
accuracy tensor(0., device='cuda:0')
Epoch: 8 | Iteration: 1 | Classification loss: 1107.80237 | Regression loss: 1.02019 | Running loss: 938.78145
Epoch     8: reducing learning rate of group 0 to 1.0000e-06.
torch.Size([759651]) torch.Size([759651])
accuracy tensor(0., device='cuda:0')
Epoch: 9 | Iteration: 0 | Classification loss: 755.57227 | Regression loss: 1.06280 | Running loss: 928.06696
torch.Size([901821]) torch.Size([901821])
accuracy tensor(0., device='cuda:0')
Epoch: 9 | Iteration: 1 | Classification loss: 982.16687 | Regression loss: 0.87575 | Running loss: 931.12116
